Base path: D:/Unity/Editor/Data
Cmd: getPlatforms
Cmd: preprocess
  insize=9008 outsize=1259 ok=1
Cmd: preprocess
  insize=2993 outsize=341 ok=1
Cmd: preprocess
  insize=11801 outsize=2197 ok=1
Cmd: preprocess
  insize=3935 outsize=2201 ok=1
Cmd: preprocess
  insize=41431 outsize=1978 ok=1
Cmd: preprocess
  insize=11123 outsize=2000 ok=1
Cmd: preprocess
  insize=3069 outsize=421 ok=1
Cmd: preprocess
  insize=6375 outsize=484 ok=1
Cmd: preprocess
  insize=41681 outsize=5467 ok=1
Cmd: preprocess
  insize=7215 outsize=1023 ok=1
Cmd: preprocess
  insize=3372 outsize=1743 ok=1
Cmd: compileCompute
  api=4 insize=2749 outsize=4053 ok=1
